2017-05-02 04:55:22 1493715322 DEBUG: Checking E-Transactions update to version 3.0.4
2017-05-02 04:55:22 1493715322 DEBUG:  E-Transactions version check answer: {"version":"3.0.4","url":"http:\/\/www1.paybox.com\/wp-admin\/admin-ajax.php?action=pb_md_download&email=update-ET@verifone.com&module=prestashop-ET&filename=etransactions-3.0.4.zip","message":"Mise \u00e0 jour mineure: diverses corrections de bugs mineurs, am\u00e9lioration des processus de remboursement en back-office prestashop, mise \u00e0 jour de la documentation."}
2017-05-02 04:55:55 1493715355 DEBUG: Checking E-Transactions update to version 3.0.4
2017-05-02 04:55:55 1493715355 DEBUG:  E-Transactions version check answer: {"version":"3.0.4","url":"http:\/\/www1.paybox.com\/wp-admin\/admin-ajax.php?action=pb_md_download&email=update-ET@verifone.com&module=prestashop-ET&filename=etransactions-3.0.4.zip","message":"Mise \u00e0 jour mineure: diverses corrections de bugs mineurs, am\u00e9lioration des processus de remboursement en back-office prestashop, mise \u00e0 jour de la documentation."}
2017-05-02 04:57:27 1493715447 DEBUG: Checking E-Transactions update to version 3.0.4
2017-05-02 04:57:27 1493715447 DEBUG:  E-Transactions version check answer: {"version":"3.0.4","url":"http:\/\/www1.paybox.com\/wp-admin\/admin-ajax.php?action=pb_md_download&email=update-ET@verifone.com&module=prestashop-ET&filename=etransactions-3.0.4.zip","message":"Mise \u00e0 jour mineure: diverses corrections de bugs mineurs, am\u00e9lioration des processus de remboursement en back-office prestashop, mise \u00e0 jour de la documentation."}
2017-05-02 04:57:29 1493715449 DEBUG: Checking E-Transactions update to version 3.0.4
2017-05-02 04:57:29 1493715449 DEBUG:  E-Transactions version check answer: {"version":"3.0.4","url":"http:\/\/www1.paybox.com\/wp-admin\/admin-ajax.php?action=pb_md_download&email=update-ET@verifone.com&module=prestashop-ET&filename=etransactions-3.0.4.zip","message":"Mise \u00e0 jour mineure: diverses corrections de bugs mineurs, am\u00e9lioration des processus de remboursement en back-office prestashop, mise \u00e0 jour de la documentation."}
2017-05-02 04:57:42 1493715462 DEBUG: Checking E-Transactions update to version 3.0.4
2017-05-02 04:57:42 1493715462 DEBUG:  E-Transactions version check answer: {"version":"3.0.4","url":"http:\/\/www1.paybox.com\/wp-admin\/admin-ajax.php?action=pb_md_download&email=update-ET@verifone.com&module=prestashop-ET&filename=etransactions-3.0.4.zip","message":"Mise \u00e0 jour mineure: diverses corrections de bugs mineurs, am\u00e9lioration des processus de remboursement en back-office prestashop, mise \u00e0 jour de la documentation."}
2017-05-02 04:57:51 1493715471 DEBUG: Checking E-Transactions update to version 3.0.4
2017-05-02 04:57:51 1493715471 DEBUG:  E-Transactions version check answer: {"version":"3.0.4","url":"http:\/\/www1.paybox.com\/wp-admin\/admin-ajax.php?action=pb_md_download&email=update-ET@verifone.com&module=prestashop-ET&filename=etransactions-3.0.4.zip","message":"Mise \u00e0 jour mineure: diverses corrections de bugs mineurs, am\u00e9lioration des processus de remboursement en back-office prestashop, mise \u00e0 jour de la documentation."}
2017-05-02 04:58:10 1493715490 DEBUG: Checking E-Transactions update to version 3.0.4
2017-05-02 04:58:10 1493715490 DEBUG:  E-Transactions version check answer: {"version":"3.0.4","url":"http:\/\/www1.paybox.com\/wp-admin\/admin-ajax.php?action=pb_md_download&email=update-ET@verifone.com&module=prestashop-ET&filename=etransactions-3.0.4.zip","message":"Mise \u00e0 jour mineure: diverses corrections de bugs mineurs, am\u00e9lioration des processus de remboursement en back-office prestashop, mise \u00e0 jour de la documentation."}
2017-05-02 05:02:20 1493715740 DEBUG: Checking E-Transactions update to version 3.0.4
2017-05-02 05:02:20 1493715740 DEBUG:  E-Transactions version check answer: {"version":"3.0.4","url":"http:\/\/www1.paybox.com\/wp-admin\/admin-ajax.php?action=pb_md_download&email=update-ET@verifone.com&module=prestashop-ET&filename=etransactions-3.0.4.zip","message":"Mise \u00e0 jour mineure: diverses corrections de bugs mineurs, am\u00e9lioration des processus de remboursement en back-office prestashop, mise \u00e0 jour de la documentation."}
2017-05-02 05:58:49 1493719129 DEBUG: URL to check 1
2017-05-02 05:58:49 1493719129 DEBUG: Checking E-Transactions URL https://preprod-tpeweb.e-transactions.fr/load.html
2017-05-02 05:58:49 1493719129 DEBUG:   Valid url found: https://preprod-tpeweb.e-transactions.fr/cgi/MYchoix_pagepaiement.cgi
2017-05-02 05:58:49 1493719129 DEBUG: Cart 33: Redirecting customer to E-Transactions (CARTE, EUROCARD_MASTERCARD).
